<!DOCTYPE html>
<html lang="en">
    <head>
        <meta charset="utf-8">
        <meta http-equiv="X-UA-Compatible" content="IE=edge">
        <meta name="viewport" content="width=device-width, initial-scale=1">
        <meta name="description" content="Auto-testing Report generated by UAM">
        <meta name="author" content="Kenneth Ma, 2015">
        <title>A1 Auto-Testing Report</title>

        <link href="https://maxcdn.bootstrapcdn.com/bootstrap/3.3.5/css/bootstrap.min.css" rel="stylesheet">

        <link href="http://getbootstrap.com/examples/dashboard/dashboard.css" rel="stylesheet">
        <link rel="stylesheet" href="http://cdnjs.cloudflare.com/ajax/libs/bootstrap-table/1.8.1/bootstrap-table.min.css">
    </head>
    <body>
        <nav class="navbar navbar-inverse navbar-fixed-top">
            <div class="container-fluid">
                <div class="navbar-header">
                    <button type="button" class="navbar-toggle collapsed" data-toggle="collapse" data-target="#navbar" aria-expanded="false" aria-controls="navbar">
                    <span class="sr-only">Toggle navigation</span>
                    <span class="icon-bar"></span>
                    <span class="icon-bar"></span>
                    <span class="icon-bar"></span>
                    </button>
                    <a class="navbar-brand" href="#">A1 UAM Report (generated at 2016-07-21T15:16:59)</a>
                </div>
                <div id="navbar" class="navbar-collapse collapse">
                    <ul class="nav navbar-nav navbar-right">
                        <li><a href="#glance">At a Glance</a></li>
                        <li><a href="#reports">Individual Reports</a></li>
                    </ul>
                </div>
            </div>
        </nav>
        <div class="container-fluid">
            <div class="row">
                <div class="main">
                    <h1 id="glance" class="page-header">At a Glance</h1>
                    <div id="glance-graph" style="min-width: 310px; height: 700px; margin: 0 auto"></div>
                    <h2 id="reports" class="sub-header">Individual Results</h2>
                    <div class="table-responsive">
                        <table id="table" class="table sortable-theme-bootstrap"></table>
                    </div>
                </div>
            </div>
        </div>
        <script src="https://ajax.googleapis.com/ajax/libs/jquery/1.11.3/jquery.min.js"></script>
        <script src="https://maxcdn.bootstrapcdn.com/bootstrap/3.3.5/js/bootstrap.min.js"></script>
        <script src="http://issues.wenzhixin.net.cn/bootstrap-table/assets/bootstrap-table/src/bootstrap-table.js"></script>
        <script src="http://code.highcharts.com/highcharts.js"></script>
        <script src="http://code.highcharts.com/modules/exporting.js"></script>
        <script type="text/javascript">

            // grades listing
            $(function () {
                var $table = $('#table');

                // construct the main report listing table
                $table.bootstrapTable({
                    columns: [[{
                        field: 'student_number',
                        title: 'Student #',
                        sortable: true
                    }, {
                        field: 'name',
                        title: 'Full Name',
                        sortable: true
                    }, {
                        field: 'utorid',
                        title: 'UTORid',
                        sortable: true
                    }, {
                        field: 'email',
                        title: 'Student Email',
                        sortable: true
                    }, {
                        field: 'source',
                        title: 'Source Folder',
                        sortable: true
                    }].concat(testCaseNamesToColumns(tests))],

                    data: translateToRows(aggregated),

                    // expand each TestCases table
                    onExpandRow: function (index, row, $detail) {
                        var columnData = [];
                        var assignmentResults = getRowPasses(aggregated.results[row.id].results, false);

                        for (testCase in assignmentResults) {

                            // skip Total testCase since it already appears as default on main table
                            if (testCase !== 'Total') {
                                columnData.push({
                                    testcase: testCase,
                                    result: assignmentResults[testCase]
                                });
                            }
                        }

                        $detail.html('<table></table>').find('table').bootstrapTable({
                            columns: [{
                                field: 'testcase',
                                title: 'Test Case'
                            }, {
                                field: 'result',
                                title: 'Results',
                                cellStyle: colourRatio
                            }],

                            data: columnData,
                            detailView: true,
                            sortable: true,
                            striped: true,

                            // expand each TestMethod detailView (showing each method's results)
                            onExpandRow: function (testCaseIndex, testCaseRow, $testCaseDetail) {
                                $testCaseDetail.html('<table></table>').find('table').bootstrapTable({
                                    columns: [{
                                        field: 'method',
                                        title: 'Test Method',
                                        cellStyle: colourResult
                                    }],

                                    data: function () {
                                        var testMethods = aggregated.results[row.id].results[testCaseRow.testcase];
                                        var columnData = [];

                                        if (testMethods) {
                                            // grab all results and then sort them (or else we have passes always first)
                                            if (testMethods['passes']) {
                                                for (testMethod in testMethods['passes']) {
                                                    columnData.push({
                                                        method: testMethod,
                                                        description: testMethods['passes'][testMethod],
                                                        message: '',
                                                        details: '',
                                                        result: 'success'
                                                    });
                                                }
                                            }

                                            if (testMethods['failures']) {
                                                for (testMethod in testMethods['failures']) {
                                                    columnData.push({
                                                        method: testMethod,
                                                        description: testMethods['failures'][testMethod]['description'],
                                                        message: testMethods['failures'][testMethod]['message'],
                                                        details: testMethods['failures'][testMethod]['details'],
                                                        result: 'danger'
                                                    });
                                                }
                                            }

                                            if (testMethods['errors']) {
                                                for (testMethod in testMethods['errors']) {
                                                    columnData.push({
                                                        method: testMethod,
                                                        description: testMethods['errors'][testMethod]['description'],
                                                        message: testMethods['errors'][testMethod]['message'],
                                                        details: testMethods['errors'][testMethod]['details'],
                                                        result: 'danger'
                                                    });
                                                }
                                            }
                                        } else {
                                            columnData.push({
                                                method: 'Import Error',
                                                description: 'Unable to read Student Assignment',
                                                message: '',
                                                details: '',
                                                result: 'danger'
                                            });
                                        }

                                        // sort results by test method name
                                        return columnData.sort(function (a, b) {
                                            return (a['method'] > b['method']) ? 1 : -1;
                                        });
                                    }(),
                                    detailView: true,
                                    detailFormatter: function(index, row) {
                                        return '<p><b>Description:</b> ' + (row.description ? $('<div>').text(row.description).html() : 'Not provided') + '</p>' +
                                            (row.message ? '<p><b>Message:</b> ' + $('<div>').text(row.message).html() + '</p>' : '') +
                                            (row.details ? '<p><b>Details:</b> <pre>' + $('<div>').text(row.details).html() + '</pre></p>' : '');
                                    }
                                });
                            }
                        });
                    },

                    striped: true,
                    search: true,
                    detailView: true,
                    showColumns: true,
                    minimumCountColumns: 1,
                });
            });

            // gives BootstrapTable sorter ability to sort grades (that appear as x/y)
            function gradeSorter(a, b) {
                a = parseInt(a.split('/')[0]);
                b = parseInt(b.split('/')[0]);

                if (a > b) return 1;
                else if (a < b) return -1;
                else return 0;
            }

            // takes an aggregated json object and then produces rows the main BootstrapTable
            // used in data for main BootstrapTable
            function translateToRows(report) {
                var rows = [];
                var row;

                for (assignment in report.results) {
                    for (student in report.results[assignment].students) {
                        row = $.extend({
                            id: assignment,
                            student_number: report.results[assignment].students[student].student_number,
                            name: report.results[assignment].students[student].first + ' ' + report.results[assignment].students[student].last,
                            utorid: report.results[assignment].students[student].student_id,
                            source: report.results[assignment].origin,
                            email: '<a href="mailto:' + report.results[assignment].students[student].email + '">' + report.results[assignment].students[student].email + '</a>'
                        }, getRowPasses(report.results[assignment].results, true));

                        rows.push(row);
                    }
                }
                return rows;
            }

            // takes an individual assignment results json object and produces testCase names and their passes (in grade x/y format)
            // if trackInGlobals is true, then add results to global grade distribution for charts
            function getRowPasses(assignmentResults, trackInGlobals) {
                var rowPasses = {};
                var passes;
                var total = 0;

                for (testCase in tests) {
                    if (testCase !== 'Total') {
                        passes = Object.keys((assignmentResults[testCase] && assignmentResults[testCase].passes) || {}).length;
                        rowPasses[testCase] = passes + '/' + tests[testCase].count;

                        // add to grade distribution (for chart)
                        if (trackInGlobals) tests[testCase].distribution[Math.round(passes / tests[testCase].count * 10)] += 1;

                        // add to total for reconcilation later
                        total += passes;
                    }
                }

                rowPasses['Total'] = total + '/' + tests['Total'].count;
                tests['Total'].distribution[Math.round(total / tests['Total'].count * 10)] += 1;
                return rowPasses;
            }

            // reads testCase names from an aggregated report and tracks the testCase in the distribution chart
            function testCaseNames(report) {
                var testCases = {'Total': {count: 0, distribution: [0, 0, 0, 0, 0, 0, 0, 0, 0, 0, 0]}};
                var testCase;
                var total = 0;

                for (test in report.tests) {
                    testCase = report.tests[test].split('.').slice(0, 2).join('.');
                    if (testCase.indexOf('unittest') == -1) {
                        if (!(testCase in testCases)) {
                            testCases[testCase] = {count: 1, distribution: [
                                0, 0, 0, 0, 0, 0, 0, 0, 0, 0, 0
                            ]};
                        } else {
                            testCases[testCase].count += 1;
                        }

                        // add to assignment total
                        testCases['Total'].count += 1;
                    }
                }

                return testCases;
            }

            // takes a json object containing testCase names and generates header columns for the main
            // BootstrapTable
            function testCaseNamesToColumns(testCaseNames) {
                var columns = [];
                var column;

                for (testCaseName in testCaseNames) {
                    column = {
                        field: testCaseName,
                        title: testCaseName,
                        sortable: true,
                        cellStyle: colourRatio,
                        visible: false,
                        sorter: gradeSorter,
                        pagination: true
                    }

                    // restore visibility to total column
                    if (testCaseName === 'Total') {
                        column['visible'] = true;
                    }

                    columns.push(column);
                }

                return columns;
            }

            // assigns an appropriate colour for cells that contain grades
            // used in columns for BootstrapTable under cellStyle for cells
            // that contain grades in x/y format
            function colourRatio(value, row, index) {
                var ratio = +value.split('/')[0] / +value.split('/')[1];

                if (ratio > 0.8) {
                    return {

                        // green
                        classes: 'success'
                    }
                } else if (ratio > 0) {
                    return {

                        // yellow
                        classes: 'warning'
                    }
                } else {
                    return {

                        // red
                        classes: 'danger'
                    }
                }
            }

            // assigns an appropriate colour depending on the row's
            // result value (which is set to some class containing a background
            // colour)
            function colourResult(value, row, index) {
                return {
                    classes: row.result
                }
            }

            // charts
            $(function () {
                $('#glance-graph').highcharts({
                    title: {
                        text: 'Grade Distribution',
                        x: -20 //center
                    },
                    xAxis: {
                        title: {
                            text: 'Grade (Percentage)'
                        },
                        categories: ['0%', '10%', '20%', '30%', '40%', '50%', '60%', '70%', '80%', '90%', '100%']
                    },
                    yAxis: {
                        title: {
                            text: 'Number of Assignments'
                        },
                        plotLines: [{
                            value: 0,
                            width: 1,
                            color: '#808080'
                        }]
                    },
                    tooltip: {
                        valueSuffix: ' Students'
                    },
                    legend: {
                        layout: 'horizontal',
                        align: 'center',
                        verticalAlign: 'bottom',
                        borderWidth: 0
                    },
                    series: (function() {
                        var lines = [];
                        var line;

                        for (testCase in tests) {
                            line = {
                                name: testCase,
                                data: tests[testCase].distribution,
                                visible: false
                            }

                            // restore visibility for total line
                            if (testCase === 'Total') {
                                line['visible'] = true;
                            }

                            lines.push(line);
                        }

                        return lines;
                    })(),
                    credits: false,
                    exporting: false
                });
            });

            var aggregated = {'date': '2016-07-21T15:16:59', 'name': 'A1', 'results': [{'date': '2016-07-21T15:16:59', 'origin': '/home/anya/at/uam/pam/examples/submissions/correct/A1', 'students': [{'student_number': '1111111111', 'last': 'cLast', 'source': 'N/A', 'section': 'N/A', 'student_id': 'correct', 'email': 'cemail', 'first': 'cFirst'}, {'student_number': '0000000000', 'last': 'frLast', 'source': 'N/A', 'section': 'N/A', 'student_id': 'freeloader', 'email': 'fremail', 'first': 'frFirst'}], 'results': {'test_asst.TestCountLetter': {'passes': {'test_asst.TestCountLetter.test_empty_string': 'Testing count_letter() with an empty string.', 'test_asst.TestCountLetter.test_single_match': 'Testing count_letter() with a single occurrence.', 'test_asst.TestCountLetter.test_several_matches': 'Testing count_letter() with multiple occurrences.'}}, 'test_asst.TestStyleAndDocstrings': {'passes': {'test_asst.TestStyleAndDocstrings.test_pep8': 'Testing for style (PEP-8) conformity.'}}, 'test_2_asst.TestStyleAndDocstrings': {'passes': {'test_2_asst.TestStyleAndDocstrings.test_pep8': 'Testing for style (PEP-8) conformity.'}}, 'test_2_asst.TestRemoveDigits': {'passes': {'test_2_asst.TestRemoveDigits.test_empty_string': 'Testing remove_digits() with an empty string.', 'test_2_asst.TestRemoveDigits.test_several_digits': 'Testing remove_digits() with a string containing multiple digits.', 'test_2_asst.TestRemoveDigits.test_no_digits': 'Testing remove_digits() with a string containing no digits.'}}, 'test_asst.TestCallHelperModule': {'passes': {'test_asst.TestCallHelperModule.test_math': 'Testing function call to math module.', 'test_asst.TestCallHelperModule.test_helper': 'Testing function call to student helper module.'}}}, 'assignment': 'A1'}, {'date': '2016-07-21T15:16:59', 'origin': '/home/anya/at/uam/pam/examples/submissions/errors/A1', 'students': [{'student_number': '2222222222', 'last': 'eLast', 'source': 'N/A', 'section': 'N/A', 'student_id': 'errors', 'email': 'eemail', 'first': 'eFirst'}], 'results': {'test_asst.TestCountLetter': {'errors': {'test_asst.TestCountLetter.test_empty_string': {'details': 'Traceback (most recent call last):\n\n  File "/usr/lib/python3.4/unittest/case.py", line 58, in testPartExecutor\n    yield\n\n  File "/usr/lib/python3.4/unittest/case.py", line 577, in run\n    testMethod()\n\n  File "/home/anya/at/uam/pam/examples/submissions/errors/A1/test_asst.py", line 27, in test_empty_string\n    self.assertEqual(asstfile.count_letter(\'\', \'x\'), 0,\n\n  File "/home/anya/at/uam/pam/examples/submissions/errors/A1/asstfile.py", line 22, in count_letter\n    return undefined_name # error\n\nNameError: name \'undefined_name\' is not defined\n', 'message': "name 'undefined_name' is not defined", 'description': 'Testing count_letter() with an empty string.'}, 'test_asst.TestCountLetter.test_single_match': {'details': 'Traceback (most recent call last):\n\n  File "/usr/lib/python3.4/unittest/case.py", line 58, in testPartExecutor\n    yield\n\n  File "/usr/lib/python3.4/unittest/case.py", line 577, in run\n    testMethod()\n\n  File "/home/anya/at/uam/pam/examples/submissions/errors/A1/test_asst.py", line 41, in test_single_match\n    self.assertEqual(asstfile.count_letter(\'single\', \'i\'), 1,\n\n  File "/home/anya/at/uam/pam/examples/submissions/errors/A1/asstfile.py", line 22, in count_letter\n    return undefined_name # error\n\nNameError: name \'undefined_name\' is not defined\n', 'message': "name 'undefined_name' is not defined", 'description': 'Testing count_letter() with a single occurrence.'}, 'test_asst.TestCountLetter.test_several_matches': {'details': 'Traceback (most recent call last):\n\n  File "/usr/lib/python3.4/unittest/case.py", line 58, in testPartExecutor\n    yield\n\n  File "/usr/lib/python3.4/unittest/case.py", line 577, in run\n    testMethod()\n\n  File "/home/anya/at/uam/pam/examples/submissions/errors/A1/test_asst.py", line 34, in test_several_matches\n    self.assertEqual(asstfile.count_letter(\'catastrophic\', \'c\'), 2,\n\n  File "/home/anya/at/uam/pam/examples/submissions/errors/A1/asstfile.py", line 22, in count_letter\n    return undefined_name # error\n\nNameError: name \'undefined_name\' is not defined\n', 'message': "name 'undefined_name' is not defined", 'description': 'Testing count_letter() with multiple occurrences.'}}}, 'test_asst.TestStyleAndDocstrings': {'failures': {'test_asst.TestStyleAndDocstrings.test_pep8': {'details': 'Traceback (most recent call last):\n\n  File "/usr/lib/python3.4/unittest/case.py", line 58, in testPartExecutor\n    yield\n\n  File "/usr/lib/python3.4/unittest/case.py", line 577, in run\n    testMethod()\n\n  File "/home/anya/at/uam/pam/examples/submissions/errors/A1/test_asst.py", line 60, in test_pep8\n    self.assertEqual(result.total_errors, 0, report_output)\n\n  File "/usr/lib/python3.4/unittest/case.py", line 797, in assertEqual\n    assertion_func(first, second, msg=msg)\n\n  File "/usr/lib/python3.4/unittest/case.py", line 790, in _baseAssertEqual\n    raise self.failureException(msg)\n\nAssertionError: 7 != 0 : Found code style errors (and warnings):\nE261: at least two spaces before inline comment (3)\nE302: expected 2 blank lines, found 1 (4)\n', 'message': '7 != 0 : Found code style errors (and warnings):\nE261: at least two spaces before inline comment (3)\nE302: expected 2 blank lines, found 1 (4)', 'description': 'Testing for style (PEP-8) conformity.'}}}, 'test_2_asst.TestStyleAndDocstrings': {'failures': {'test_2_asst.TestStyleAndDocstrings.test_pep8': {'details': 'Traceback (most recent call last):\n\n  File "/usr/lib/python3.4/unittest/case.py", line 58, in testPartExecutor\n    yield\n\n  File "/usr/lib/python3.4/unittest/case.py", line 577, in run\n    testMethod()\n\n  File "/home/anya/at/uam/pam/examples/submissions/errors/A1/test_2_asst.py", line 52, in test_pep8\n    self.assertEqual(result.total_errors, 0, report_output)\n\n  File "/usr/lib/python3.4/unittest/case.py", line 797, in assertEqual\n    assertion_func(first, second, msg=msg)\n\n  File "/usr/lib/python3.4/unittest/case.py", line 790, in _baseAssertEqual\n    raise self.failureException(msg)\n\nAssertionError: 7 != 0 : Found code style errors (and warnings):\nE261: at least two spaces before inline comment (3)\nE302: expected 2 blank lines, found 1 (4)\n', 'message': '7 != 0 : Found code style errors (and warnings):\nE261: at least two spaces before inline comment (3)\nE302: expected 2 blank lines, found 1 (4)', 'description': 'Testing for style (PEP-8) conformity.'}}}, 'test_2_asst.TestRemoveDigits': {'passes': {'test_2_asst.TestRemoveDigits.test_empty_string': 'Testing remove_digits() with an empty string.', 'test_2_asst.TestRemoveDigits.test_several_digits': 'Testing remove_digits() with a string containing multiple digits.', 'test_2_asst.TestRemoveDigits.test_no_digits': 'Testing remove_digits() with a string containing no digits.'}}, 'test_asst.TestCallHelperModule': {'passes': {'test_asst.TestCallHelperModule.test_math': 'Testing function call to math module.', 'test_asst.TestCallHelperModule.test_helper': 'Testing function call to student helper module.'}}}, 'assignment': 'A1'}, {'date': '2016-07-21T15:16:59', 'origin': '/home/anya/at/uam/pam/examples/submissions/failures/A1', 'students': [{'student_number': '3333333333', 'last': 'fLast', 'source': 'N/A', 'section': 'N/A', 'student_id': 'failures', 'email': 'femail', 'first': 'fFirst'}], 'results': {'test_asst.TestCountLetter': {'failures': {'test_asst.TestCountLetter.test_empty_string': {'details': 'Traceback (most recent call last):\n\n  File "/usr/lib/python3.4/unittest/case.py", line 58, in testPartExecutor\n    yield\n\n  File "/usr/lib/python3.4/unittest/case.py", line 577, in run\n    testMethod()\n\n  File "/home/anya/at/uam/pam/examples/submissions/failures/A1/test_asst.py", line 28, in test_empty_string\n    \'Searching for anything (in this case, \\\'x\\\') in the empty string should return no matches.\')\n\n  File "/usr/lib/python3.4/unittest/case.py", line 797, in assertEqual\n    assertion_func(first, second, msg=msg)\n\n  File "/usr/lib/python3.4/unittest/case.py", line 790, in _baseAssertEqual\n    raise self.failureException(msg)\n\nAssertionError: 42 != 0 : Searching for anything (in this case, \'x\') in the empty string should return no matches.\n', 'message': "42 != 0 : Searching for anything (in this case, 'x') in the empty string should return no matches.", 'description': 'Testing count_letter() with an empty string.'}, 'test_asst.TestCountLetter.test_single_match': {'details': 'Traceback (most recent call last):\n\n  File "/usr/lib/python3.4/unittest/case.py", line 58, in testPartExecutor\n    yield\n\n  File "/usr/lib/python3.4/unittest/case.py", line 577, in run\n    testMethod()\n\n  File "/home/anya/at/uam/pam/examples/submissions/failures/A1/test_asst.py", line 42, in test_single_match\n    \'There is exactly a single occurrence of \\\'i\\\' in \\\'single\\\'.\')\n\n  File "/usr/lib/python3.4/unittest/case.py", line 797, in assertEqual\n    assertion_func(first, second, msg=msg)\n\n  File "/usr/lib/python3.4/unittest/case.py", line 790, in _baseAssertEqual\n    raise self.failureException(msg)\n\nAssertionError: 43 != 1 : There is exactly a single occurrence of \'i\' in \'single\'.\n', 'message': "43 != 1 : There is exactly a single occurrence of 'i' in 'single'.", 'description': 'Testing count_letter() with a single occurrence.'}, 'test_asst.TestCountLetter.test_several_matches': {'details': 'Traceback (most recent call last):\n\n  File "/usr/lib/python3.4/unittest/case.py", line 58, in testPartExecutor\n    yield\n\n  File "/usr/lib/python3.4/unittest/case.py", line 577, in run\n    testMethod()\n\n  File "/home/anya/at/uam/pam/examples/submissions/failures/A1/test_asst.py", line 35, in test_several_matches\n    \'There are 2 occurrences of \\\'c\\\' in \\\'catastrophic\\\'.\')\n\n  File "/usr/lib/python3.4/unittest/case.py", line 797, in assertEqual\n    assertion_func(first, second, msg=msg)\n\n  File "/usr/lib/python3.4/unittest/case.py", line 790, in _baseAssertEqual\n    raise self.failureException(msg)\n\nAssertionError: 44 != 2 : There are 2 occurrences of \'c\' in \'catastrophic\'.\n', 'message': "44 != 2 : There are 2 occurrences of 'c' in 'catastrophic'.", 'description': 'Testing count_letter() with multiple occurrences.'}}}, 'test_asst.TestStyleAndDocstrings': {'failures': {'test_asst.TestStyleAndDocstrings.test_pep8': {'details': 'Traceback (most recent call last):\n\n  File "/usr/lib/python3.4/unittest/case.py", line 58, in testPartExecutor\n    yield\n\n  File "/usr/lib/python3.4/unittest/case.py", line 577, in run\n    testMethod()\n\n  File "/home/anya/at/uam/pam/examples/submissions/failures/A1/test_asst.py", line 60, in test_pep8\n    self.assertEqual(result.total_errors, 0, report_output)\n\n  File "/usr/lib/python3.4/unittest/case.py", line 797, in assertEqual\n    assertion_func(first, second, msg=msg)\n\n  File "/usr/lib/python3.4/unittest/case.py", line 790, in _baseAssertEqual\n    raise self.failureException(msg)\n\nAssertionError: 7 != 0 : Found code style errors (and warnings):\nE261: at least two spaces before inline comment (3)\nE302: expected 2 blank lines, found 1 (4)\n', 'message': '7 != 0 : Found code style errors (and warnings):\nE261: at least two spaces before inline comment (3)\nE302: expected 2 blank lines, found 1 (4)', 'description': 'Testing for style (PEP-8) conformity.'}}}, 'test_2_asst.TestStyleAndDocstrings': {'failures': {'test_2_asst.TestStyleAndDocstrings.test_pep8': {'details': 'Traceback (most recent call last):\n\n  File "/usr/lib/python3.4/unittest/case.py", line 58, in testPartExecutor\n    yield\n\n  File "/usr/lib/python3.4/unittest/case.py", line 577, in run\n    testMethod()\n\n  File "/home/anya/at/uam/pam/examples/submissions/failures/A1/test_2_asst.py", line 52, in test_pep8\n    self.assertEqual(result.total_errors, 0, report_output)\n\n  File "/usr/lib/python3.4/unittest/case.py", line 797, in assertEqual\n    assertion_func(first, second, msg=msg)\n\n  File "/usr/lib/python3.4/unittest/case.py", line 790, in _baseAssertEqual\n    raise self.failureException(msg)\n\nAssertionError: 7 != 0 : Found code style errors (and warnings):\nE261: at least two spaces before inline comment (3)\nE302: expected 2 blank lines, found 1 (4)\n', 'message': '7 != 0 : Found code style errors (and warnings):\nE261: at least two spaces before inline comment (3)\nE302: expected 2 blank lines, found 1 (4)', 'description': 'Testing for style (PEP-8) conformity.'}}}, 'test_2_asst.TestRemoveDigits': {'passes': {'test_2_asst.TestRemoveDigits.test_empty_string': 'Testing remove_digits() with an empty string.', 'test_2_asst.TestRemoveDigits.test_several_digits': 'Testing remove_digits() with a string containing multiple digits.', 'test_2_asst.TestRemoveDigits.test_no_digits': 'Testing remove_digits() with a string containing no digits.'}}, 'test_asst.TestCallHelperModule': {'passes': {'test_asst.TestCallHelperModule.test_math': 'Testing function call to math module.', 'test_asst.TestCallHelperModule.test_helper': 'Testing function call to student helper module.'}}}, 'assignment': 'A1'}, {'date': '2016-07-21T15:16:59', 'origin': '/home/anya/at/uam/pam/examples/submissions/infloop/A1', 'students': [{'student_number': '4444444444', 'last': 'iLast', 'source': 'N/A', 'section': 'N/A', 'student_id': 'infloop', 'email': 'iemail', 'first': 'iFirst'}], 'results': {'test_asst.TestCountLetter': {'errors': {'test_asst.TestCountLetter.test_empty_string': {'details': 'Traceback (most recent call last):\n\n  File "/usr/lib/python3.4/unittest/case.py", line 58, in testPartExecutor\n    yield\n\n  File "/usr/lib/python3.4/unittest/case.py", line 577, in run\n    testMethod()\n\n  File "/home/anya/at/uam/pam/examples/submissions/infloop/A1/test_asst.py", line 27, in test_empty_string\n    self.assertEqual(asstfile.count_letter(\'\', \'x\'), 0,\n\n  File "/home/anya/at/uam/pam/examples/submissions/infloop/A1/asstfile.py", line 24, in count_letter\n    count = 42\n\n  File "/home/anya/at/uam/pam/pam.py", line 237, in _timeout\n    raise TimeoutError(\'Test timed out.\')\n\nTimeoutError: Test timed out.\n', 'message': 'Test timed out.', 'description': 'Testing count_letter() with an empty string.'}, 'test_asst.TestCountLetter.test_single_match': {'details': 'Traceback (most recent call last):\n\n  File "/usr/lib/python3.4/unittest/case.py", line 58, in testPartExecutor\n    yield\n\n  File "/usr/lib/python3.4/unittest/case.py", line 577, in run\n    testMethod()\n\n  File "/home/anya/at/uam/pam/examples/submissions/infloop/A1/test_asst.py", line 41, in test_single_match\n    self.assertEqual(asstfile.count_letter(\'single\', \'i\'), 1,\n\n  File "/home/anya/at/uam/pam/examples/submissions/infloop/A1/asstfile.py", line 24, in count_letter\n    count = 42\n\n  File "/home/anya/at/uam/pam/pam.py", line 237, in _timeout\n    raise TimeoutError(\'Test timed out.\')\n\nTimeoutError: Test timed out.\n', 'message': 'Test timed out.', 'description': 'Testing count_letter() with a single occurrence.'}, 'test_asst.TestCountLetter.test_several_matches': {'details': 'Traceback (most recent call last):\n\n  File "/usr/lib/python3.4/unittest/case.py", line 58, in testPartExecutor\n    yield\n\n  File "/usr/lib/python3.4/unittest/case.py", line 577, in run\n    testMethod()\n\n  File "/home/anya/at/uam/pam/examples/submissions/infloop/A1/test_asst.py", line 34, in test_several_matches\n    self.assertEqual(asstfile.count_letter(\'catastrophic\', \'c\'), 2,\n\n  File "/home/anya/at/uam/pam/examples/submissions/infloop/A1/asstfile.py", line 24, in count_letter\n    count = 42\n\n  File "/home/anya/at/uam/pam/pam.py", line 237, in _timeout\n    raise TimeoutError(\'Test timed out.\')\n\nTimeoutError: Test timed out.\n', 'message': 'Test timed out.', 'description': 'Testing count_letter() with multiple occurrences.'}}}, 'test_asst.TestStyleAndDocstrings': {'failures': {'test_asst.TestStyleAndDocstrings.test_pep8': {'details': 'Traceback (most recent call last):\n\n  File "/usr/lib/python3.4/unittest/case.py", line 58, in testPartExecutor\n    yield\n\n  File "/usr/lib/python3.4/unittest/case.py", line 577, in run\n    testMethod()\n\n  File "/home/anya/at/uam/pam/examples/submissions/infloop/A1/test_asst.py", line 60, in test_pep8\n    self.assertEqual(result.total_errors, 0, report_output)\n\n  File "/usr/lib/python3.4/unittest/case.py", line 797, in assertEqual\n    assertion_func(first, second, msg=msg)\n\n  File "/usr/lib/python3.4/unittest/case.py", line 790, in _baseAssertEqual\n    raise self.failureException(msg)\n\nAssertionError: 6 != 0 : Found code style errors (and warnings):\nE261: at least two spaces before inline comment (2)\nE302: expected 2 blank lines, found 1 (4)\n', 'message': '6 != 0 : Found code style errors (and warnings):\nE261: at least two spaces before inline comment (2)\nE302: expected 2 blank lines, found 1 (4)', 'description': 'Testing for style (PEP-8) conformity.'}}}, 'test_2_asst.TestStyleAndDocstrings': {'failures': {'test_2_asst.TestStyleAndDocstrings.test_pep8': {'details': 'Traceback (most recent call last):\n\n  File "/usr/lib/python3.4/unittest/case.py", line 58, in testPartExecutor\n    yield\n\n  File "/usr/lib/python3.4/unittest/case.py", line 577, in run\n    testMethod()\n\n  File "/home/anya/at/uam/pam/examples/submissions/infloop/A1/test_2_asst.py", line 52, in test_pep8\n    self.assertEqual(result.total_errors, 0, report_output)\n\n  File "/usr/lib/python3.4/unittest/case.py", line 797, in assertEqual\n    assertion_func(first, second, msg=msg)\n\n  File "/usr/lib/python3.4/unittest/case.py", line 790, in _baseAssertEqual\n    raise self.failureException(msg)\n\nAssertionError: 6 != 0 : Found code style errors (and warnings):\nE261: at least two spaces before inline comment (2)\nE302: expected 2 blank lines, found 1 (4)\n', 'message': '6 != 0 : Found code style errors (and warnings):\nE261: at least two spaces before inline comment (2)\nE302: expected 2 blank lines, found 1 (4)', 'description': 'Testing for style (PEP-8) conformity.'}}}, 'test_2_asst.TestRemoveDigits': {'passes': {'test_2_asst.TestRemoveDigits.test_empty_string': 'Testing remove_digits() with an empty string.', 'test_2_asst.TestRemoveDigits.test_several_digits': 'Testing remove_digits() with a string containing multiple digits.', 'test_2_asst.TestRemoveDigits.test_no_digits': 'Testing remove_digits() with a string containing no digits.'}}, 'test_asst.TestCallHelperModule': {'passes': {'test_asst.TestCallHelperModule.test_math': 'Testing function call to math module.', 'test_asst.TestCallHelperModule.test_helper': 'Testing function call to student helper module.'}}}, 'assignment': 'A1'}, {'date': '2016-07-21T15:16:59', 'origin': '/home/anya/at/uam/pam/examples/submissions/outofstack/A1', 'students': [{'student_number': '5555555555', 'last': 'oLast', 'source': 'N/A', 'section': 'N/A', 'student_id': 'outofstack', 'email': 'oemail', 'first': 'oFirst'}], 'results': {'test_asst.TestCountLetter': {'errors': {'test_asst.TestCountLetter.test_empty_string': {'details': 'Traceback (most recent call last):\n\n  File "/usr/lib/python3.4/unittest/case.py", line 58, in testPartExecutor\n    yield\n\n  File "/usr/lib/python3.4/unittest/case.py", line 577, in run\n    testMethod()\n\n  File "/home/anya/at/uam/pam/examples/submissions/outofstack/A1/test_asst.py", line 27, in test_empty_string\n    self.assertEqual(asstfile.count_letter(\'\', \'x\'), 0,\n\n  File "/home/anya/at/uam/pam/examples/submissions/outofstack/A1/asstfile.py", line 24, in count_letter\n    count += [42]\n\n  File "/home/anya/at/uam/pam/pam.py", line 237, in _timeout\n    raise TimeoutError(\'Test timed out.\')\n\nTimeoutError: Test timed out.\n', 'message': 'Test timed out.', 'description': 'Testing count_letter() with an empty string.'}, 'test_asst.TestCountLetter.test_single_match': {'details': 'Traceback (most recent call last):\n\n  File "/usr/lib/python3.4/unittest/case.py", line 58, in testPartExecutor\n    yield\n\n  File "/usr/lib/python3.4/unittest/case.py", line 577, in run\n    testMethod()\n\n  File "/home/anya/at/uam/pam/examples/submissions/outofstack/A1/test_asst.py", line 41, in test_single_match\n    self.assertEqual(asstfile.count_letter(\'single\', \'i\'), 1,\n\n  File "/home/anya/at/uam/pam/examples/submissions/outofstack/A1/asstfile.py", line 24, in count_letter\n    count += [42]\n\n  File "/home/anya/at/uam/pam/pam.py", line 237, in _timeout\n    raise TimeoutError(\'Test timed out.\')\n\nTimeoutError: Test timed out.\n', 'message': 'Test timed out.', 'description': 'Testing count_letter() with a single occurrence.'}, 'test_asst.TestCountLetter.test_several_matches': {'details': 'Traceback (most recent call last):\n\n  File "/usr/lib/python3.4/unittest/case.py", line 58, in testPartExecutor\n    yield\n\n  File "/usr/lib/python3.4/unittest/case.py", line 577, in run\n    testMethod()\n\n  File "/home/anya/at/uam/pam/examples/submissions/outofstack/A1/test_asst.py", line 34, in test_several_matches\n    self.assertEqual(asstfile.count_letter(\'catastrophic\', \'c\'), 2,\n\n  File "/home/anya/at/uam/pam/examples/submissions/outofstack/A1/asstfile.py", line 24, in count_letter\n    count += [42]\n\n  File "/home/anya/at/uam/pam/pam.py", line 237, in _timeout\n    raise TimeoutError(\'Test timed out.\')\n\nTimeoutError: Test timed out.\n', 'message': 'Test timed out.', 'description': 'Testing count_letter() with multiple occurrences.'}}}, 'test_asst.TestStyleAndDocstrings': {'failures': {'test_asst.TestStyleAndDocstrings.test_pep8': {'details': 'Traceback (most recent call last):\n\n  File "/usr/lib/python3.4/unittest/case.py", line 58, in testPartExecutor\n    yield\n\n  File "/usr/lib/python3.4/unittest/case.py", line 577, in run\n    testMethod()\n\n  File "/home/anya/at/uam/pam/examples/submissions/outofstack/A1/test_asst.py", line 60, in test_pep8\n    self.assertEqual(result.total_errors, 0, report_output)\n\n  File "/usr/lib/python3.4/unittest/case.py", line 797, in assertEqual\n    assertion_func(first, second, msg=msg)\n\n  File "/usr/lib/python3.4/unittest/case.py", line 790, in _baseAssertEqual\n    raise self.failureException(msg)\n\nAssertionError: 6 != 0 : Found code style errors (and warnings):\nE302: expected 2 blank lines, found 1 (4)\nE261: at least two spaces before inline comment (2)\n', 'message': '6 != 0 : Found code style errors (and warnings):\nE302: expected 2 blank lines, found 1 (4)\nE261: at least two spaces before inline comment (2)', 'description': 'Testing for style (PEP-8) conformity.'}}}, 'test_2_asst.TestStyleAndDocstrings': {'failures': {'test_2_asst.TestStyleAndDocstrings.test_pep8': {'details': 'Traceback (most recent call last):\n\n  File "/usr/lib/python3.4/unittest/case.py", line 58, in testPartExecutor\n    yield\n\n  File "/usr/lib/python3.4/unittest/case.py", line 577, in run\n    testMethod()\n\n  File "/home/anya/at/uam/pam/examples/submissions/outofstack/A1/test_2_asst.py", line 52, in test_pep8\n    self.assertEqual(result.total_errors, 0, report_output)\n\n  File "/usr/lib/python3.4/unittest/case.py", line 797, in assertEqual\n    assertion_func(first, second, msg=msg)\n\n  File "/usr/lib/python3.4/unittest/case.py", line 790, in _baseAssertEqual\n    raise self.failureException(msg)\n\nAssertionError: 6 != 0 : Found code style errors (and warnings):\nE302: expected 2 blank lines, found 1 (4)\nE261: at least two spaces before inline comment (2)\n', 'message': '6 != 0 : Found code style errors (and warnings):\nE302: expected 2 blank lines, found 1 (4)\nE261: at least two spaces before inline comment (2)', 'description': 'Testing for style (PEP-8) conformity.'}}}, 'test_2_asst.TestRemoveDigits': {'passes': {'test_2_asst.TestRemoveDigits.test_empty_string': 'Testing remove_digits() with an empty string.', 'test_2_asst.TestRemoveDigits.test_several_digits': 'Testing remove_digits() with a string containing multiple digits.', 'test_2_asst.TestRemoveDigits.test_no_digits': 'Testing remove_digits() with a string containing no digits.'}}, 'test_asst.TestCallHelperModule': {'passes': {'test_asst.TestCallHelperModule.test_math': 'Testing function call to math module.', 'test_asst.TestCallHelperModule.test_helper': 'Testing function call to student helper module.'}}}, 'assignment': 'A1'}, {'date': '2016-07-21T15:16:59', 'origin': '/home/anya/at/uam/pam/examples/submissions/pep8fail/A1', 'students': [{'student_number': '6666666666', 'last': 'pLast', 'source': 'N/A', 'section': 'N/A', 'student_id': 'pep8fail', 'email': 'pemail', 'first': 'pFirst'}], 'results': {'test_asst.TestCountLetter': {'passes': {'test_asst.TestCountLetter.test_empty_string': 'Testing count_letter() with an empty string.', 'test_asst.TestCountLetter.test_single_match': 'Testing count_letter() with a single occurrence.', 'test_asst.TestCountLetter.test_several_matches': 'Testing count_letter() with multiple occurrences.'}}, 'test_asst.TestStyleAndDocstrings': {'failures': {'test_asst.TestStyleAndDocstrings.test_pep8': {'details': 'Traceback (most recent call last):\n\n  File "/usr/lib/python3.4/unittest/case.py", line 58, in testPartExecutor\n    yield\n\n  File "/usr/lib/python3.4/unittest/case.py", line 577, in run\n    testMethod()\n\n  File "/home/anya/at/uam/pam/examples/submissions/pep8fail/A1/test_asst.py", line 60, in test_pep8\n    self.assertEqual(result.total_errors, 0, report_output)\n\n  File "/usr/lib/python3.4/unittest/case.py", line 797, in assertEqual\n    assertion_func(first, second, msg=msg)\n\n  File "/usr/lib/python3.4/unittest/case.py", line 790, in _baseAssertEqual\n    raise self.failureException(msg)\n\nAssertionError: 6 != 0 : Found code style errors (and warnings):\nE302: expected 2 blank lines, found 1 (4)\nE261: at least two spaces before inline comment (2)\n', 'message': '6 != 0 : Found code style errors (and warnings):\nE302: expected 2 blank lines, found 1 (4)\nE261: at least two spaces before inline comment (2)', 'description': 'Testing for style (PEP-8) conformity.'}}}, 'test_2_asst.TestStyleAndDocstrings': {'failures': {'test_2_asst.TestStyleAndDocstrings.test_pep8': {'details': 'Traceback (most recent call last):\n\n  File "/usr/lib/python3.4/unittest/case.py", line 58, in testPartExecutor\n    yield\n\n  File "/usr/lib/python3.4/unittest/case.py", line 577, in run\n    testMethod()\n\n  File "/home/anya/at/uam/pam/examples/submissions/pep8fail/A1/test_2_asst.py", line 52, in test_pep8\n    self.assertEqual(result.total_errors, 0, report_output)\n\n  File "/usr/lib/python3.4/unittest/case.py", line 797, in assertEqual\n    assertion_func(first, second, msg=msg)\n\n  File "/usr/lib/python3.4/unittest/case.py", line 790, in _baseAssertEqual\n    raise self.failureException(msg)\n\nAssertionError: 6 != 0 : Found code style errors (and warnings):\nE302: expected 2 blank lines, found 1 (4)\nE261: at least two spaces before inline comment (2)\n', 'message': '6 != 0 : Found code style errors (and warnings):\nE302: expected 2 blank lines, found 1 (4)\nE261: at least two spaces before inline comment (2)', 'description': 'Testing for style (PEP-8) conformity.'}}}, 'test_2_asst.TestRemoveDigits': {'passes': {'test_2_asst.TestRemoveDigits.test_empty_string': 'Testing remove_digits() with an empty string.', 'test_2_asst.TestRemoveDigits.test_several_digits': 'Testing remove_digits() with a string containing multiple digits.', 'test_2_asst.TestRemoveDigits.test_no_digits': 'Testing remove_digits() with a string containing no digits.'}}, 'test_asst.TestCallHelperModule': {'passes': {'test_asst.TestCallHelperModule.test_math': 'Testing function call to math module.', 'test_asst.TestCallHelperModule.test_helper': 'Testing function call to student helper module.'}}}, 'assignment': 'A1'}, {'date': '2016-07-21T15:16:59', 'origin': '/home/anya/at/uam/pam/examples/submissions/syntax/A1', 'students': [{'student_number': '7777777777', 'last': 'sLast', 'source': 'N/A', 'section': 'N/A', 'student_id': 'syntax', 'email': 'semail', 'first': 'sFirst'}], 'results': {'test_asst.TestCountLetter': {'errors': {'test_asst.TestCountLetter.test_empty_string': {'details': 'Traceback (most recent call last):\n\n  File "/usr/lib/python3.4/unittest/case.py", line 58, in testPartExecutor\n    yield\n\n  File "/usr/lib/python3.4/unittest/case.py", line 577, in run\n    testMethod()\n\n  File "/home/anya/at/uam/pam/examples/submissions/syntax/A1/test_asst.py", line 27, in test_empty_string\n    self.assertEqual(asstfile.count_letter(\'\', \'x\'), 0,\n\nNameError: name \'asstfile\' is not defined\n', 'message': "name 'asstfile' is not defined", 'description': 'Testing count_letter() with an empty string.'}, 'test_asst.TestCountLetter.test_single_match': {'details': 'Traceback (most recent call last):\n\n  File "/usr/lib/python3.4/unittest/case.py", line 58, in testPartExecutor\n    yield\n\n  File "/usr/lib/python3.4/unittest/case.py", line 577, in run\n    testMethod()\n\n  File "/home/anya/at/uam/pam/examples/submissions/syntax/A1/test_asst.py", line 41, in test_single_match\n    self.assertEqual(asstfile.count_letter(\'single\', \'i\'), 1,\n\nNameError: name \'asstfile\' is not defined\n', 'message': "name 'asstfile' is not defined", 'description': 'Testing count_letter() with a single occurrence.'}, 'test_asst.TestCountLetter.test_several_matches': {'details': 'Traceback (most recent call last):\n\n  File "/usr/lib/python3.4/unittest/case.py", line 58, in testPartExecutor\n    yield\n\n  File "/usr/lib/python3.4/unittest/case.py", line 577, in run\n    testMethod()\n\n  File "/home/anya/at/uam/pam/examples/submissions/syntax/A1/test_asst.py", line 34, in test_several_matches\n    self.assertEqual(asstfile.count_letter(\'catastrophic\', \'c\'), 2,\n\nNameError: name \'asstfile\' is not defined\n', 'message': "name 'asstfile' is not defined", 'description': 'Testing count_letter() with multiple occurrences.'}}}, 'test_asst.TestStyleAndDocstrings': {'failures': {'test_asst.TestStyleAndDocstrings.test_pep8': {'details': 'Traceback (most recent call last):\n\n  File "/usr/lib/python3.4/unittest/case.py", line 58, in testPartExecutor\n    yield\n\n  File "/usr/lib/python3.4/unittest/case.py", line 577, in run\n    testMethod()\n\n  File "/home/anya/at/uam/pam/examples/submissions/syntax/A1/test_asst.py", line 60, in test_pep8\n    self.assertEqual(result.total_errors, 0, report_output)\n\n  File "/usr/lib/python3.4/unittest/case.py", line 797, in assertEqual\n    assertion_func(first, second, msg=msg)\n\n  File "/usr/lib/python3.4/unittest/case.py", line 790, in _baseAssertEqual\n    raise self.failureException(msg)\n\nAssertionError: 7 != 0 : Found code style errors (and warnings):\nE302: expected 2 blank lines, found 1 (4)\nE261: at least two spaces before inline comment (3)\n', 'message': '7 != 0 : Found code style errors (and warnings):\nE302: expected 2 blank lines, found 1 (4)\nE261: at least two spaces before inline comment (3)', 'description': 'Testing for style (PEP-8) conformity.'}}}, 'test_2_asst.TestStyleAndDocstrings': {'failures': {'test_2_asst.TestStyleAndDocstrings.test_pep8': {'details': 'Traceback (most recent call last):\n\n  File "/usr/lib/python3.4/unittest/case.py", line 58, in testPartExecutor\n    yield\n\n  File "/usr/lib/python3.4/unittest/case.py", line 577, in run\n    testMethod()\n\n  File "/home/anya/at/uam/pam/examples/submissions/syntax/A1/test_2_asst.py", line 52, in test_pep8\n    self.assertEqual(result.total_errors, 0, report_output)\n\n  File "/usr/lib/python3.4/unittest/case.py", line 797, in assertEqual\n    assertion_func(first, second, msg=msg)\n\n  File "/usr/lib/python3.4/unittest/case.py", line 790, in _baseAssertEqual\n    raise self.failureException(msg)\n\nAssertionError: 7 != 0 : Found code style errors (and warnings):\nE302: expected 2 blank lines, found 1 (4)\nE261: at least two spaces before inline comment (3)\n', 'message': '7 != 0 : Found code style errors (and warnings):\nE302: expected 2 blank lines, found 1 (4)\nE261: at least two spaces before inline comment (3)', 'description': 'Testing for style (PEP-8) conformity.'}}}, 'test_2_asst.TestRemoveDigits': {'errors': {'test_2_asst.TestRemoveDigits.test_empty_string': {'details': 'Traceback (most recent call last):\n\n  File "/usr/lib/python3.4/unittest/case.py", line 58, in testPartExecutor\n    yield\n\n  File "/usr/lib/python3.4/unittest/case.py", line 577, in run\n    testMethod()\n\n  File "/home/anya/at/uam/pam/examples/submissions/syntax/A1/test_2_asst.py", line 15, in test_empty_string\n    self.assertEqual(asstfile.remove_digits(\'\'), \'\',\n\nNameError: name \'asstfile\' is not defined\n', 'message': "name 'asstfile' is not defined", 'description': 'Testing remove_digits() with an empty string.'}, 'test_2_asst.TestRemoveDigits.test_several_digits': {'details': 'Traceback (most recent call last):\n\n  File "/usr/lib/python3.4/unittest/case.py", line 58, in testPartExecutor\n    yield\n\n  File "/usr/lib/python3.4/unittest/case.py", line 577, in run\n    testMethod()\n\n  File "/home/anya/at/uam/pam/examples/submissions/syntax/A1/test_2_asst.py", line 31, in test_several_digits\n    self.assertEqual(asstfile.remove_digits(\'m435345u34534lti543543pl345e3 45d345i3g4534i5ts345\'),\n\nNameError: name \'asstfile\' is not defined\n', 'message': "name 'asstfile' is not defined", 'description': 'Testing remove_digits() with a string containing multiple digits.'}, 'test_2_asst.TestRemoveDigits.test_no_digits': {'details': 'Traceback (most recent call last):\n\n  File "/usr/lib/python3.4/unittest/case.py", line 58, in testPartExecutor\n    yield\n\n  File "/usr/lib/python3.4/unittest/case.py", line 577, in run\n    testMethod()\n\n  File "/home/anya/at/uam/pam/examples/submissions/syntax/A1/test_2_asst.py", line 22, in test_no_digits\n    self.assertEqual(asstfile.remove_digits(\'nope, there really aren\\\'t any digits here.\'),\n\nNameError: name \'asstfile\' is not defined\n', 'message': "name 'asstfile' is not defined", 'description': 'Testing remove_digits() with a string containing no digits.'}}}, 'test_asst.TestCallHelperModule': {'errors': {'test_asst.TestCallHelperModule.test_math': {'details': 'Traceback (most recent call last):\n\n  File "/usr/lib/python3.4/unittest/case.py", line 58, in testPartExecutor\n    yield\n\n  File "/usr/lib/python3.4/unittest/case.py", line 577, in run\n    testMethod()\n\n  File "/home/anya/at/uam/pam/examples/submissions/syntax/A1/test_asst.py", line 19, in test_math\n    self.assertAlmostEqual(asstfile.call_math(), 3.1419, 2, \'I was expecting PI.\')\n\nNameError: name \'asstfile\' is not defined\n', 'message': "name 'asstfile' is not defined", 'description': 'Testing function call to math module.'}, 'test_asst.TestCallHelperModule.test_helper': {'details': 'Traceback (most recent call last):\n\n  File "/usr/lib/python3.4/unittest/case.py", line 58, in testPartExecutor\n    yield\n\n  File "/usr/lib/python3.4/unittest/case.py", line 577, in run\n    testMethod()\n\n  File "/home/anya/at/uam/pam/examples/submissions/syntax/A1/test_asst.py", line 14, in test_helper\n    self.assertEqual(asstfile.call_helper(), 42, \'I was expecting 42.\')\n\nNameError: name \'asstfile\' is not defined\n', 'message': "name 'asstfile' is not defined", 'description': 'Testing function call to student helper module.'}}}}, 'assignment': 'A1'}], 'tests': ['test_2_asst.TestRemoveDigits.test_empty_string', 'test_2_asst.TestRemoveDigits.test_no_digits', 'test_2_asst.TestRemoveDigits.test_several_digits', 'test_2_asst.TestStyleAndDocstrings.test_pep8', 'test_asst.TestCallHelperModule.test_helper', 'test_asst.TestCallHelperModule.test_math', 'test_asst.TestCountLetter.test_empty_string', 'test_asst.TestCountLetter.test_several_matches', 'test_asst.TestCountLetter.test_single_match', 'test_asst.TestStyleAndDocstrings.test_pep8']};
            var tests = testCaseNames(aggregated);
        </script>
    </body>
</html>